<?xml version="1.0" encoding="UTF-8"?>
<!-- Generated by org.testng.reporters.JUnitReportReporter -->
<testsuite hostname="LAPTOP-H6ICRR5G" failures="0" tests="2" name="com.demo.qa.testcases.LoginPageTest" time="32.560" errors="0" timestamp="25 Nov 2022 14:50:00 GMT" skipped="0">
  <testcase classname="com.demo.qa.testcases.LoginPageTest" name="loginPageTitleTest" time="16.263"/>
  <testcase classname="com.demo.qa.testcases.LoginPageTest" name="loginTest" time="16.297"/>
</testsuite> <!-- com.demo.qa.testcases.LoginPageTest -->
