<?xml version="1.0" encoding="UTF-8"?>
<!-- Generated by org.testng.reporters.JUnitReportReporter -->
<testsuite hostname="LAPTOP-H6ICRR5G" failures="0" tests="3" name="com.demo.qa.testcases.BookStoreTest" time="73.192" errors="0" timestamp="25 Nov 2022 10:28:03 GMT" skipped="0">
  <testcase classname="com.demo.qa.testcases.BookStoreTest" name="validateBookStorePageTitle" time="24.399"/>
  <testcase classname="com.demo.qa.testcases.BookStoreTest" name="clickonAuthor" time="25.792"/>
  <testcase classname="com.demo.qa.testcases.BookStoreTest" name="clickonPublisher" time="23.001"/>
</testsuite> <!-- com.demo.qa.testcases.BookStoreTest -->
