<?xml version="1.0" encoding="UTF-8"?>
<!-- Generated by org.testng.reporters.JUnitReportReporter -->
<testsuite hostname="LAPTOP-H6ICRR5G" failures="0" tests="2" name="com.demo.qa.testcases.LoginPageTest" time="29.042" errors="0" timestamp="22 Nov 2022 05:41:57 GMT" skipped="0">
  <testcase classname="com.demo.qa.testcases.LoginPageTest" name="loginPageTitleTest" time="14.935"/>
  <testcase classname="com.demo.qa.testcases.LoginPageTest" name="loginTest" time="14.107"/>
</testsuite> <!-- com.demo.qa.testcases.LoginPageTest -->
