<?xml version="1.0" encoding="UTF-8"?>
<!-- Generated by org.testng.reporters.JUnitReportReporter -->
<testsuite hostname="LAPTOP-H6ICRR5G" failures="0" tests="3" name="com.demo.qa.testcases.ProfilePagetest" time="35.412" errors="0" timestamp="23 Nov 2022 06:15:08 GMT" skipped="0">
  <testcase classname="com.demo.qa.testcases.ProfilePagetest" name="verifyprofileTitleTest" time="10.897"/>
  <testcase classname="com.demo.qa.testcases.ProfilePagetest" name="verifyUserNameTest" time="11.594"/>
  <testcase classname="com.demo.qa.testcases.ProfilePagetest" name="verifyBookStoreLinkTest" time="12.921"/>
</testsuite> <!-- com.demo.qa.testcases.ProfilePagetest -->
