<?xml version="1.0" encoding="UTF-8"?>
<!-- Generated by org.testng.reporters.JUnitReportReporter -->
<testsuite hostname="DESKTOP-LGH18G6" failures="0" tests="1" name="com.demo.qa.testcases.LoginPageTest" time="5.388" errors="0" timestamp="21 Mar 2023 13:51:39 GMT" skipped="0">
  <testcase classname="com.demo.qa.testcases.LoginPageTest" name="loginPageTitleTest" time="5.388"/>
</testsuite> <!-- com.demo.qa.testcases.LoginPageTest -->
