<?xml version="1.0" encoding="UTF-8"?>
<!-- Generated by org.testng.reporters.JUnitReportReporter -->
<testsuite hostname="DESKTOP-LGH18G6" failures="0" tests="2" name="com.mareana.mi.testcases.DashBoardPageTest" time="23.015" errors="0" timestamp="23 Mar 2023 06:09:54 GMT" skipped="0">
  <testcase classname="com.mareana.mi.testcases.DashBoardPageTest" name="validateDashboardPageTitleTest" time="6.119"/>
  <testcase classname="com.mareana.mi.testcases.DashBoardPageTest" name="GenelogypageTest" time="16.896"/>
</testsuite> <!-- com.mareana.mi.testcases.DashBoardPageTest -->
