<?xml version="1.0" encoding="UTF-8"?>
<!-- Generated by org.testng.reporters.JUnitReportReporter -->
<testsuite hostname="LAPTOP-H6ICRR5G" failures="0" tests="3" name="com.demo.qa.testcases.BookStoreTest" time="62.303" errors="0" timestamp="24 Nov 2022 13:15:34 GMT" skipped="0">
  <testcase classname="com.demo.qa.testcases.BookStoreTest" name="validateBookStorePageTitle" time="13.835"/>
  <testcase classname="com.demo.qa.testcases.BookStoreTest" name="clickonAuthor" time="25.255"/>
  <testcase classname="com.demo.qa.testcases.BookStoreTest" name="clickonPublisher" time="23.213"/>
</testsuite> <!-- com.demo.qa.testcases.BookStoreTest -->
