<?xml version="1.0" encoding="UTF-8"?>
<!-- Generated by org.testng.reporters.JUnitReportReporter -->
<testsuite hostname="LAPTOP-H6ICRR5G" failures="0" tests="2" name="com.demo.qa.testcases.LoginPageTest" time="21.800" errors="0" timestamp="23 Nov 2022 06:15:08 GMT" skipped="0">
  <testcase classname="com.demo.qa.testcases.LoginPageTest" name="loginPageTitleTest" time="9.171"/>
  <testcase classname="com.demo.qa.testcases.LoginPageTest" name="loginTest" time="12.629"/>
</testsuite> <!-- com.demo.qa.testcases.LoginPageTest -->
