<?xml version="1.0" encoding="UTF-8"?>
<!-- Generated by org.testng.reporters.JUnitReportReporter -->
<testsuite hostname="LAPTOP-H6ICRR5G" failures="0" tests="3" name="com.demo.qa.testcases.BookStoreTest" time="38.695" errors="0" timestamp="23 Nov 2022 06:15:08 GMT" skipped="0">
  <testcase classname="com.demo.qa.testcases.BookStoreTest" name="validateBookStorePageTitle" time="12.064"/>
  <testcase classname="com.demo.qa.testcases.BookStoreTest" name="clickonAuthor" time="13.089"/>
  <testcase classname="com.demo.qa.testcases.BookStoreTest" name="clickonPublisher" time="13.542"/>
</testsuite> <!-- com.demo.qa.testcases.BookStoreTest -->
