<?xml version="1.0" encoding="UTF-8"?>
<!-- Generated by org.testng.reporters.JUnitReportReporter -->
<testsuite hostname="DESKTOP-LGH18G6" failures="0" tests="1" name="com.mareana.mi.testcases.LoginPageTest" time="9.089" errors="0" timestamp="22 Mar 2023 12:04:51 GMT" skipped="0">
  <testcase classname="com.mareana.mi.testcases.LoginPageTest" name="loginPageTitleTest" time="9.089"/>
</testsuite> <!-- com.mareana.mi.testcases.LoginPageTest -->
