<?xml version="1.0" encoding="UTF-8"?>
<!-- Generated by org.testng.reporters.JUnitReportReporter -->
<testsuite hostname="LAPTOP-H6ICRR5G" failures="0" tests="3" name="com.demo.qa.testcases.Webtable_DatadrivenTest" time="45.306" errors="0" timestamp="26 Nov 2022 14:56:10 GMT" skipped="0">
  <testcase classname="com.demo.qa.testcases.Webtable_DatadrivenTest" name="clickOnAddData" time="15.054"/>
  <testcase classname="com.demo.qa.testcases.Webtable_DatadrivenTest" name="clickOnAddData" time="17.541"/>
  <testcase classname="com.demo.qa.testcases.Webtable_DatadrivenTest" name="clickOnAddData" time="12.711"/>
</testsuite> <!-- com.demo.qa.testcases.Webtable_DatadrivenTest -->
