<?xml version="1.0" encoding="UTF-8"?>
<!-- Generated by org.testng.reporters.JUnitReportReporter -->
<testsuite hostname="DESKTOP-LGH18G6" failures="0" tests="1" name="com.demo.qa.testcases.LoginPageTest" time="12.963" errors="0" timestamp="22 Feb 2023 07:03:47 GMT" skipped="0">
  <testcase classname="com.demo.qa.testcases.LoginPageTest" name="loginPageTitleTest" time="12.963"/>
</testsuite> <!-- com.demo.qa.testcases.LoginPageTest -->
