<?xml version="1.0" encoding="UTF-8"?>
<!-- Generated by org.testng.reporters.JUnitReportReporter -->
<testsuite hostname="LAPTOP-H6ICRR5G" failures="0" tests="3" name="com.demo.qa.testcases.Webtable_DatadrivenTest" time="57.041" errors="0" timestamp="25 Nov 2022 15:01:28 GMT" skipped="0">
  <testcase classname="com.demo.qa.testcases.Webtable_DatadrivenTest" name="clickOnAddData" time="19.927"/>
  <testcase classname="com.demo.qa.testcases.Webtable_DatadrivenTest" name="clickOnAddData" time="17.184"/>
  <testcase classname="com.demo.qa.testcases.Webtable_DatadrivenTest" name="clickOnAddData" time="19.930"/>
</testsuite> <!-- com.demo.qa.testcases.Webtable_DatadrivenTest -->
